<?xml version="1.0" encoding="UTF-8"?>
<testng-results skipped="0" failed="0" ignored="0" total="1" passed="1">
  <reporter-output>
  </reporter-output>
  <suite name="Default suite" duration-ms="12237" started-at="2019-03-04T19:06:10Z" finished-at="2019-03-04T19:06:22Z">
    <groups>
    </groups>
    <test name="Default test" duration-ms="12237" started-at="2019-03-04T19:06:10Z" finished-at="2019-03-04T19:06:22Z">
      <class name="Lesson01.exe01">
        <test-method status="PASS" signature="test01()[pri:0, instance:Lesson01.exe01@307f6b8c]" name="test01" duration-ms="12205" started-at="2019-03-04T19:06:10Z" finished-at="2019-03-04T19:06:22Z">
          <reporter-output>
          </reporter-output>
        </test-method> <!-- test01 -->
      </class> <!-- Lesson01.exe01 -->
    </test> <!-- Default test -->
  </suite> <!-- Default suite -->
</testng-results>
